# Pipeline cleanup audit log
Run: 2026-06-03T09:14:22.096Z

## US pipeline
- Deleted (already in Processed):  0  (report-already-removed by cleanup-low-scores: 0)
- Deleted (duplicate/rerouted):     0
- Deleted (dead URL):               0
- Deleted (filter slip):            0
- Kept (unmatched, manual review):  1
- Empty subsections dropped:        0
- scan-history.tsv updated:         no

### US — Kept unmatched (manual review)
- - [!] https://job-boards.greenhouse.io/impiricus/jobs/5195577008 | Impiricus | AI Engineer | Remote (US) — error: URL redirects to careers directory page, role not directly accessible (retry with explicit gh_jid params next pass)

## Intl pipeline
- Deleted (already in Processed):  0  (report-already-removed by cleanup-low-scores: 0)
- Deleted (duplicate/rerouted):     0
- Deleted (dead URL):               0
- Deleted (filter slip):            0
- Kept (unmatched, manual review):  0
- Empty subsections dropped:        0
- scan-history.tsv updated:         no
