# Pipeline cleanup audit log
Run: 2026-06-01T09:40:18.537Z

## US pipeline
- Deleted (already in Processed):  0  (report-already-removed by cleanup-low-scores: 0)
- Deleted (duplicate/rerouted):     0
- Deleted (dead URL):               4
- Deleted (filter slip):            2
- Kept (unmatched, manual review):  3
- Empty subsections dropped:        0
- scan-history.tsv updated:         yes

### US — Kept unmatched (manual review)
- - [!] https://jobs.ashbyhq.com/atlas/dae00fcb-35a5-4559-8114-7553138b3ea3 | filtered: requires 5+ years (Senior)
- - [!] https://goodgamestudios.teamtailor.com/jobs/7796165-working-student-ai-balancing-machine-learning-engineer | filtered: Working Student not archetype match (per modes/_profile.md filter)
- - [!] https://ats.rippling.com/flatiron-school/jobs/0796406a-e81f-4ec4-966e-da12eb6667c9 | error: specific posting not found in Rippling listing page

## Intl pipeline
- Deleted (already in Processed):  0  (report-already-removed by cleanup-low-scores: 0)
- Deleted (duplicate/rerouted):     0
- Deleted (dead URL):               1
- Deleted (filter slip):            0
- Kept (unmatched, manual review):  2
- Empty subsections dropped:        0
- scan-history.tsv updated:         yes

### Intl — Kept unmatched (manual review)
- - [!] https://jobs.lever.co/jobgether/31c0357c-c8b1-4a38-9338-03a74da9c5aa | filtered: requires 6+ years (Senior)
- - [!] https://www.fwddeploy.com/jobs/forward-deployed-engineer-fde-emea-ecac6392 | filtered: company unknown ("Unknown FDE EMEA"), no JD detail
