# Pipeline cleanup audit log
Run: 2026-05-28T12:00:34.761Z

## US pipeline
- Deleted (already in Procesadas):  0  (report-already-removed by cleanup-low-scores: 0)
- Deleted (duplicate/rerouted):     0
- Deleted (dead URL):               0
- Deleted (filter slip):            0
- Kept (unmatched, manual review):  2
- Empty subsections dropped:        0
- scan-history.tsv updated:         no

### US — Kept unmatched (manual review)
- - [!] https://www.workatastartup.com/jobs/84528 | error: workatastartup placeholder body (Crustdata) - JD body not retrievable in batch mode
- - [!] https://jobs.lever.co/jobgether/d2bd8459-cf37-4cab-919f-69bb5e76e356 | error: lever.co 403 + designremotejobs only had homepage; retry next run

## Intl pipeline
- Deleted (already in Procesadas):  0  (report-already-removed by cleanup-low-scores: 0)
- Deleted (duplicate/rerouted):     0
- Deleted (dead URL):               0
- Deleted (filter slip):            0
- Kept (unmatched, manual review):  2
- Empty subsections dropped:        0
- scan-history.tsv updated:         no

### Intl — Kept unmatched (manual review)
- - [!] https://careers.bcg.com/global/en/job/56036/Forward-Deployed-AI-Engineer-Denmark-BCG-X | dead: position has been filled (BCG X Copenhagen)
- - [!] https://careers.nordea.com/job/Stockholm-Forward-Deployed-AI-Scientist-111-46/1376991633/ | dead: position has been filled (Nordea Stockholm)
