# Pipeline cleanup audit log
Run: 2026-06-05T21:37:07.862Z

## US pipeline
- Deleted (already in Processed):  0  (report-already-removed by cleanup-low-scores: 0)
- Deleted (duplicate/rerouted):     0
- Deleted (dead URL):               1
- Deleted (filter slip):            0
- Kept (unmatched, manual review):  3
- Empty subsections dropped:        0
- scan-history.tsv updated:         yes

### US — Kept unmatched (manual review)
- - [!] https://job-boards.greenhouse.io/gather/jobs/5532448004 | Gather | Founding ML Engineer - AI | error: no live JD; "no positions currently available"
- - [!] https://apply.workable.com/newcode/j/2841413287 | Newcode.ai | Forward Deployed Agentic AI SWE (DLA Piper) | error: workable page returned only meta; LinkedIn fallback returned 0 results
- - [!] https://apply.workable.com/weekday-1/j/BA27FE655A | Weekday AI | Forward Deployed Engineer - AIS | error: workable page returned only meta; company appears India-focused

## Intl pipeline
- Deleted (already in Processed):  0  (report-already-removed by cleanup-low-scores: 0)
- Deleted (duplicate/rerouted):     0
- Deleted (dead URL):               1
- Deleted (filter slip):            0
- Kept (unmatched, manual review):  4
- Empty subsections dropped:        0
- scan-history.tsv updated:         yes

### Intl — Kept unmatched (manual review)
- - [!] https://apply.workable.com/interimage/j/BA5150B6F4/ | InterImage | AI Engineer | error: workable returned only meta; appears DoD-related, US citizenship likely required
- - [!] https://himalayas.app/companies/amdaris/jobs/ai-forward-deployed-engineer | Amdaris | AI Forward Deployed Engineer | error: himalayas listing page returned only previews, full JD not accessible
- - [!] https://himalayas.app/companies/indg/jobs/forward-deployed-engineer | INDG | Forward Deployed Engineer | duplicate routed to US pipeline as #1186 (Remote United States)
- - [!] https://unibuddy-1668416154.teamtailor.com/jobs/7606923-software-engineer-ii-chat-systems-fully-remote-europe | Unibuddy | Software Engineer II - Chat Systems | error: HTTP 403 from teamtailor
