# Pipeline cleanup audit log
Run: 2026-06-01T16:10:47.926Z

## US pipeline
- Deleted (already in Processed):  0  (report-already-removed by cleanup-low-scores: 0)
- Deleted (duplicate/rerouted):     0
- Deleted (dead URL):               0
- Deleted (filter slip):            1
- Kept (unmatched, manual review):  5
- Empty subsections dropped:        0
- scan-history.tsv updated:         yes

### US — Kept unmatched (manual review)
- - [!] https://jobs.ashbyhq.com/atlas/dae00fcb-35a5-4559-8114-7553138b3ea3 | filtered: requires 5+ years (Senior)
- - [!] https://goodgamestudios.teamtailor.com/jobs/7796165-working-student-ai-balancing-machine-learning-engineer | filtered: Working Student not archetype match (per modes/_profile.md filter)
- - [!] https://ats.rippling.com/flatiron-school/jobs/0796406a-e81f-4ec4-966e-da12eb6667c9 | error: specific posting not found in Rippling listing page
- - [!] https://jobs.lever.co/pigment/a1be33de-4f92-4a74-9ea2-30965b384666 | re-routed to intl pipeline (Paris, non-US)
- - [!] https://job-boards.greenhouse.io/wonderschool/jobs/7626995003 | filtered: talent pool / future opportunities posting (not an active role per JD page)

## Intl pipeline
- Deleted (already in Processed):  0  (report-already-removed by cleanup-low-scores: 0)
- Deleted (duplicate/rerouted):     0
- Deleted (dead URL):               0
- Deleted (filter slip):            0
- Kept (unmatched, manual review):  2
- Empty subsections dropped:        1
- scan-history.tsv updated:         no

### Intl — Kept unmatched (manual review)
- - [!] https://jobs.lever.co/jobgether/31c0357c-c8b1-4a38-9338-03a74da9c5aa | filtered: requires 6+ years (Senior)
- - [!] https://www.fwddeploy.com/jobs/forward-deployed-engineer-fde-emea-ecac6392 | filtered: company unknown ("Unknown FDE EMEA"), no JD detail
